{
"contracts/Raffle.sol":{"l":{"55":3,"56":3,"57":3,"58":3,"59":3,"60":3,"61":3,"62":3,"68":5,"69":1,"72":4,"73":1,"76":3,"78":3,"94":1,"96":1,"97":1,"98":1,"100":1,"110":1,"111":1,"112":0,"119":1,"121":1,"129":1,"136":0,"137":0,"138":0,"140":0,"141":0,"142":0,"145":0,"147":0,"148":0,"149":0,"154":1,"158":1,"162":0,"166":1,"170":0,"174":0,"178":0,"182":0,"186":1,"190":5},"path":"/Users/yunusmerve/Documents/GenelDersler/Blockchain/BlockchainLessonsJs/hardhat-smartcontract-lottery/contracts/Raffle.sol","s":{"1":5,"2":4,"3":3,"4":3,"5":1,"6":1,"7":1,"8":1,"9":1,"10":1,"11":1,"12":1,"13":0,"14":0,"15":0,"16":0,"17":0,"18":1,"19":1,"20":0,"21":1,"22":0,"23":0,"24":0,"25":0,"26":1,"27":5},"b":{"1":[1,4],"2":[1,3],"3":[0,1],"4":[0,0]},"f":{"1":3,"2":5,"3":1,"4":1,"5":0,"6":1,"7":1,"8":0,"9":1,"10":0,"11":0,"12":0,"13":0,"14":1,"15":5},"fnMap":{"1":{"name":"constructor","line":54,"loc":{"start":{"line":47,"column":4},"end":{"line":63,"column":4}}},"2":{"name":"enterRaffle","line":67,"loc":{"start":{"line":67,"column":4},"end":{"line":79,"column":4}}},"3":{"name":"checkUpkeep","line":91,"loc":{"start":{"line":91,"column":4},"end":{"line":101,"column":4}}},"4":{"name":"performUpkeep","line":103,"loc":{"start":{"line":103,"column":4},"end":{"line":130,"column":4}}},"5":{"name":"fulfillRandomWords","line":132,"loc":{"start":{"line":132,"column":4},"end":{"line":150,"column":4}}},"6":{"name":"getEntranceFee","line":153,"loc":{"start":{"line":153,"column":4},"end":{"line":155,"column":4}}},"7":{"name":"getPlayer","line":157,"loc":{"start":{"line":157,"column":4},"end":{"line":159,"column":4}}},"8":{"name":"getRecentWinner","line":161,"loc":{"start":{"line":161,"column":4},"end":{"line":163,"column":4}}},"9":{"name":"getRaffleState","line":165,"loc":{"start":{"line":165,"column":4},"end":{"line":167,"column":4}}},"10":{"name":"getNumWords","line":169,"loc":{"start":{"line":169,"column":4},"end":{"line":171,"column":4}}},"11":{"name":"getNumberOfPlayers","line":173,"loc":{"start":{"line":173,"column":4},"end":{"line":175,"column":4}}},"12":{"name":"getLastTimeStamp","line":177,"loc":{"start":{"line":177,"column":4},"end":{"line":179,"column":4}}},"13":{"name":"getRequestConfirmations","line":181,"loc":{"start":{"line":181,"column":4},"end":{"line":183,"column":4}}},"14":{"name":"getInterval","line":185,"loc":{"start":{"line":185,"column":4},"end":{"line":187,"column":4}}},"15":{"name":"getSubscriptionId","line":189,"loc":{"start":{"line":189,"column":4},"end":{"line":191,"column":4}}}},"statementMap":{"1":{"start":{"line":68,"column":8},"end":{"line":68,"column":2122}},"2":{"start":{"line":72,"column":8},"end":{"line":72,"column":2217}},"3":{"start":{"line":76,"column":8},"end":{"line":76,"column":42}},"4":{"start":{"line":78,"column":8},"end":{"line":78,"column":36}},"5":{"start":{"line":94,"column":8},"end":{"line":94,"column":57}},"6":{"start":{"line":96,"column":8},"end":{"line":96,"column":76}},"7":{"start":{"line":97,"column":8},"end":{"line":97,"column":46}},"8":{"start":{"line":98,"column":8},"end":{"line":98,"column":51}},"9":{"start":{"line":110,"column":8},"end":{"line":110,"column":47}},"10":{"start":{"line":111,"column":8},"end":{"line":111,"column":3533}},"11":{"start":{"line":121,"column":8},"end":{"line":121,"column":3795}},"12":{"start":{"line":129,"column":8},"end":{"line":129,"column":45}},"13":{"start":{"line":136,"column":8},"end":{"line":136,"column":65}},"14":{"start":{"line":137,"column":8},"end":{"line":137,"column":63}},"15":{"start":{"line":140,"column":8},"end":{"line":140,"column":78}},"16":{"start":{"line":141,"column":8},"end":{"line":141,"column":4438}},"17":{"start":{"line":145,"column":8},"end":{"line":145,"column":41}},"18":{"start":{"line":154,"column":8},"end":{"line":154,"column":28}},"19":{"start":{"line":158,"column":8},"end":{"line":158,"column":31}},"20":{"start":{"line":162,"column":8},"end":{"line":162,"column":29}},"21":{"start":{"line":166,"column":8},"end":{"line":166,"column":28}},"22":{"start":{"line":170,"column":8},"end":{"line":170,"column":24}},"23":{"start":{"line":174,"column":8},"end":{"line":174,"column":31}},"24":{"start":{"line":178,"column":8},"end":{"line":178,"column":30}},"25":{"start":{"line":182,"column":8},"end":{"line":182,"column":36}},"26":{"start":{"line":186,"column":8},"end":{"line":186,"column":25}},"27":{"start":{"line":190,"column":8},"end":{"line":190,"column":31}}},"branchMap":{"1":{"line":68,"type":"if","locations":[{"start":{"line":68,"column":8},"end":{"line":68,"column":8}},{"start":{"line":68,"column":8},"end":{"line":68,"column":8}}]},"2":{"line":72,"type":"if","locations":[{"start":{"line":72,"column":8},"end":{"line":72,"column":8}},{"start":{"line":72,"column":8},"end":{"line":72,"column":8}}]},"3":{"line":111,"type":"if","locations":[{"start":{"line":111,"column":8},"end":{"line":111,"column":8}},{"start":{"line":111,"column":8},"end":{"line":111,"column":8}}]},"4":{"line":141,"type":"if","locations":[{"start":{"line":141,"column":8},"end":{"line":141,"column":8}},{"start":{"line":141,"column":8},"end":{"line":141,"column":8}}]}}},
"contracts/test/VRFCoordinatorV2Mock.sol":{"l":{},"path":"/Users/yunusmerve/Documents/GenelDersler/Blockchain/BlockchainLessonsJs/hardhat-smartcontract-lottery/contracts/test/VRFCoordinatorV2Mock.sol","s":{},"b":{},"f":{},"fnMap":{},"statementMap":{},"branchMap":{}}}
