TN:
SF:/Users/yunusmerve/Documents/GenelDersler/Blockchain/BlockchainLessonsJs/hardhat-smartcontract-lottery/contracts/Raffle.sol
FN:54,constructor
FN:67,enterRaffle
FN:91,checkUpkeep
FN:103,performUpkeep
FN:132,fulfillRandomWords
FN:153,getEntranceFee
FN:157,getPlayer
FN:161,getRecentWinner
FN:165,getRaffleState
FN:169,getNumWords
FN:173,getNumberOfPlayers
FN:177,getLastTimeStamp
FN:181,getRequestConfirmations
FN:185,getInterval
FN:189,getSubscriptionId
FNF:15
FNH:9
FNDA:3,constructor
FNDA:5,enterRaffle
FNDA:1,checkUpkeep
FNDA:1,performUpkeep
FNDA:0,fulfillRandomWords
FNDA:1,getEntranceFee
FNDA:1,getPlayer
FNDA:0,getRecentWinner
FNDA:1,getRaffleState
FNDA:0,getNumWords
FNDA:0,getNumberOfPlayers
FNDA:0,getLastTimeStamp
FNDA:0,getRequestConfirmations
FNDA:1,getInterval
FNDA:5,getSubscriptionId
DA:55,3
DA:56,3
DA:57,3
DA:58,3
DA:59,3
DA:60,3
DA:61,3
DA:62,3
DA:68,5
DA:69,1
DA:72,4
DA:73,1
DA:76,3
DA:78,3
DA:94,1
DA:96,1
DA:97,1
DA:98,1
DA:100,1
DA:110,1
DA:111,1
DA:112,0
DA:119,1
DA:121,1
DA:129,1
DA:136,0
DA:137,0
DA:138,0
DA:140,0
DA:141,0
DA:142,0
DA:145,0
DA:147,0
DA:148,0
DA:149,0
DA:154,1
DA:158,1
DA:162,0
DA:166,1
DA:170,0
DA:174,0
DA:178,0
DA:182,0
DA:186,1
DA:190,5
LF:45
LH:29
BRDA:68,1,0,1
BRDA:68,1,1,4
BRDA:72,2,0,1
BRDA:72,2,1,3
BRDA:111,3,0,0
BRDA:111,3,1,1
BRDA:141,4,0,0
BRDA:141,4,1,0
BRF:8
BRH:5
end_of_record
TN:
SF:/Users/yunusmerve/Documents/GenelDersler/Blockchain/BlockchainLessonsJs/hardhat-smartcontract-lottery/contracts/test/VRFCoordinatorV2Mock.sol
FNF:0
FNH:0
LF:0
LH:0
BRF:0
BRH:0
end_of_record
